 2024-03-18 08:45:01,047 -  INFO:  Fetching prayer time at Surabaya,Indonesia (-7.2756195, 112.7126837) on 18-03-2024
 2024-03-18 08:45:01,823 -  INFO:  Data successfully fetched
 2024-03-18 08:45:01,826 -  INFO:  Prayer time data updated to data.json
 2024-03-18 08:53:00,687 -  INFO:  Fetching prayer time at Surabaya,Indonesia (-7.2756195, 112.7126837) on 18-03-2024
 2024-03-18 08:53:01,542 -  INFO:  Data successfully fetched
 2024-03-18 08:53:01,543 -  INFO:  Prayer time data updated to data.json
 2024-03-18 08:54:00,280 -  INFO:  Fetching prayer time at Surabaya,Indonesia (-7.2756195, 112.7126837) on 18-03-2024
 2024-03-18 08:54:01,124 -  INFO:  Data successfully fetched
 2024-03-18 08:54:01,128 -  INFO:  Prayer time data updated to data.json
 2024-03-18 12:39:50,514 -  INFO:  Notification for 
 2024-03-18 12:40:02,835 -  INFO:  Notification for 
 2024-03-18 12:40:18,120 -  INFO:  Notification for 
 2024-03-18 17:02:56,210 -  INFO:  asr (14:50) Notification Success
 2024-03-18 17:02:59,631 -  INFO:  asr (14:50) Notification Success
 2024-03-18 17:03:09,115 -  INFO:  Asr (14:50) Notification Success
 2024-03-18 17:03:20,161 -  INFO:  Dhuhr (11:50) Notification Success
 2024-03-18 17:03:50,562 -  INFO:  Dhuhr (11:50) Notification Success
 2024-03-18 17:04:06,807 -  INFO:  Dhuhr (11:50) Notification Success
 2024-03-18 21:10:14,804 -  INFO:  Dhuhr (11:50) Notification Success
 2024-03-19 04:17:20,997 -  INFO:  Fajr (04:16) Notification Success
 2024-03-19 06:29:38,441 -  INFO:  Dhuhr (11:11) Notification Success
 2024-03-19 11:39:53,169 -  INFO:  User setup begin, fetching the data and setting all the cron jobs
 2024-03-19 11:39:53,353 -  INFO:  User setup succeed
 2024-03-19 11:44:41,433 -  INFO:  User setup begin, fetching the data and setting all the cron jobs
 2024-03-19 11:44:41,605 -  INFO:  User setup succeed
 2024-03-19 11:47:06,633 -  INFO:  Fetching prayer time at Surabaya,Indonesia (-7.2756195, 112.7126837) on 19-03-2024
 2024-03-19 11:47:08,991 -  INFO:  Data successfully fetched
 2024-03-19 11:47:08,999 -  INFO:  Prayer time data updated to data.json
 2024-03-19 11:59:00,966 -  INFO:  Fetching prayer time at Surabaya,Indonesia (-7.2756195, 112.7126837) on 19-03-2024
 2024-03-19 11:59:02,083 -  INFO:  Data successfully fetched
 2024-03-19 11:59:02,089 -  INFO:  Prayer time data updated to data.json
 2024-03-19 11:59:59,615 -  INFO:  Fajr (04:16) Notification Success
 2024-03-19 12:02:59,603 -  INFO:  Fajr (04:16) Notification Success
 2024-03-19 12:04:03,727 -  INFO:  User setup begin, fetching the data and setting all the cron jobs
 2024-03-19 12:04:03,909 -  INFO:  User setup succeed
 2024-03-19 12:04:29,154 -  INFO:  Fajr (04:16) Notification Success
